c:\users\mypc\desktop\projekti\photoeditor\c++ part\program\debug\vc142.pdb
c:\users\mypc\desktop\projekti\photoeditor\c++ part\program\debug\vc142.idb
c:\users\mypc\desktop\projekti\photoeditor\c++ part\program\debug\userinteraction.obj
c:\users\mypc\desktop\projekti\photoeditor\c++ part\program\debug\selection.obj
c:\users\mypc\desktop\projekti\photoeditor\c++ part\program\debug\rectangle.obj
c:\users\mypc\desktop\projekti\photoeditor\c++ part\program\debug\predefinedoperations.obj
c:\users\mypc\desktop\projekti\photoeditor\c++ part\program\debug\pixel.obj
c:\users\mypc\desktop\projekti\photoeditor\c++ part\program\debug\pamformatter.obj
c:\users\mypc\desktop\projekti\photoeditor\c++ part\program\debug\operation.obj
c:\users\mypc\desktop\projekti\photoeditor\c++ part\program\debug\mediana.obj
c:\users\mypc\desktop\projekti\photoeditor\c++ part\program\debug\main.obj
c:\users\mypc\desktop\projekti\photoeditor\c++ part\program\debug\picture.obj
c:\users\mypc\desktop\projekti\photoeditor\c++ part\program\debug\myformatter.obj
c:\users\mypc\desktop\projekti\photoeditor\c++ part\program\debug\layer.obj
c:\users\mypc\desktop\projekti\photoeditor\c++ part\program\debug\image.obj
c:\users\mypc\desktop\projekti\photoeditor\c++ part\program\debug\formatter.obj
c:\users\mypc\desktop\projekti\photoeditor\c++ part\program\debug\exceptions.obj
c:\users\mypc\desktop\projekti\photoeditor\c++ part\program\debug\compositeoperation.obj
c:\users\mypc\desktop\projekti\photoeditor\c++ part\program\debug\bmpformatter.obj
c:\users\mypc\desktop\projekti\photoeditor\c++ part\debug\program.exe
c:\users\mypc\desktop\projekti\photoeditor\c++ part\debug\program.ilk
c:\users\mypc\desktop\projekti\photoeditor\c++ part\debug\program.pdb
c:\users\mypc\desktop\projekti\photoeditor\c++ part\program\debug\program.tlog\cl.command.1.tlog
c:\users\mypc\desktop\projekti\photoeditor\c++ part\program\debug\program.tlog\cl.read.1.tlog
c:\users\mypc\desktop\projekti\photoeditor\c++ part\program\debug\program.tlog\cl.write.1.tlog
c:\users\mypc\desktop\projekti\photoeditor\c++ part\program\debug\program.tlog\link.command.1.tlog
c:\users\mypc\desktop\projekti\photoeditor\c++ part\program\debug\program.tlog\link.read.1.tlog
c:\users\mypc\desktop\projekti\photoeditor\c++ part\program\debug\program.tlog\link.write.1.tlog
